<?xml version="1.0" encoding="utf-8"?><testsuites><testsuite name="pytest" errors="0" failures="0" skipped="4" tests="8" time="1.237" timestamp="2022-01-28T16:34:43.415746" hostname="OLI-OMEN"><testcase classname="bumpversion" name="FLAKE8" time="0.000"><skipped type="pytest.skip" message="file(s) previously passed FLAKE8 checks">/home/olivier/dev/kairntech/pyconverters_newsml/.tox/py38/lib/python3.8/site-packages/pytest_flake8.py:116: file(s) previously passed FLAKE8 checks</skipped></testcase><testcase classname="src.pyconverters_newsml.__init__" name="FLAKE8" time="0.000"><skipped type="pytest.skip" message="file(s) previously passed FLAKE8 checks">/home/olivier/dev/kairntech/pyconverters_newsml/.tox/py38/lib/python3.8/site-packages/pytest_flake8.py:116: file(s) previously passed FLAKE8 checks</skipped></testcase><testcase classname="src.pyconverters_newsml.newsml" name="FLAKE8" time="0.093" /><testcase classname="tests.test_newsml" name="FLAKE8" time="0.082" /><testcase classname="tests.test_newsml" name="test_newsml_text" time="0.681" /><testcase classname="tests.test_newsml" name="test_newsml_pics" time="0.007" /><testcase classname="tests.test_newsml" name="test_parse_xml" time="0.000"><skipped type="pytest.skip" message="Not a test">/home/olivier/dev/kairntech/pyconverters_newsml/tests/test_newsml.py:62: Not a test</skipped></testcase><testcase classname="tests.test_newsml" name="test_parse_categories" time="0.000"><skipped type="pytest.skip" message="Not a test">/home/olivier/dev/kairntech/pyconverters_newsml/tests/test_newsml.py:89: Not a test</skipped></testcase></testsuite></testsuites>